0 info it worked if it ends with ok
1 verbose cli [ '/home/thomas/.nvm/versions/node/v4.2.4/bin/node',
1 verbose cli   '/home/thomas/.nvm/versions/node/v4.2.4/bin/npm',
1 verbose cli   'run',
1 verbose cli   'dv' ]
2 info using npm@3.5.3
3 info using node@v4.2.4
4 verbose stack Error: missing script: dv
4 verbose stack     at run (/home/thomas/.nvm/versions/node/v4.2.4/lib/node_modules/npm/lib/run-script.js:147:19)
4 verbose stack     at /home/thomas/.nvm/versions/node/v4.2.4/lib/node_modules/npm/lib/run-script.js:57:5
4 verbose stack     at /home/thomas/.nvm/versions/node/v4.2.4/lib/node_modules/npm/node_modules/read-package-json/read-json.js:345:5
4 verbose stack     at checkBinReferences_ (/home/thomas/.nvm/versions/node/v4.2.4/lib/node_modules/npm/node_modules/read-package-json/read-json.js:309:45)
4 verbose stack     at final (/home/thomas/.nvm/versions/node/v4.2.4/lib/node_modules/npm/node_modules/read-package-json/read-json.js:343:3)
4 verbose stack     at then (/home/thomas/.nvm/versions/node/v4.2.4/lib/node_modules/npm/node_modules/read-package-json/read-json.js:113:5)
4 verbose stack     at /home/thomas/.nvm/versions/node/v4.2.4/lib/node_modules/npm/node_modules/read-package-json/read-json.js:300:12
4 verbose stack     at /home/thomas/.nvm/versions/node/v4.2.4/lib/node_modules/npm/node_modules/graceful-fs/graceful-fs.js:76:16
4 verbose stack     at FSReqWrap.readFileAfterClose [as oncomplete] (fs.js:380:3)
5 verbose cwd /home/thomas/workspace/perso/select-and-speak
6 error Linux 3.17.6-031706-generic
7 error argv "/home/thomas/.nvm/versions/node/v4.2.4/bin/node" "/home/thomas/.nvm/versions/node/v4.2.4/bin/npm" "run" "dv"
8 error node v4.2.4
9 error npm  v3.5.3
10 error missing script: dv
11 error If you need help, you may report this error at:
11 error     <https://github.com/npm/npm/issues>
12 verbose exit [ 1, true ]
